<?xml version="1.0" encoding="UTF-8"?>
<!-- Generated by org.testng.reporters.JUnitXMLReporter -->
<testsuite ignored="3" hostname="Manpreets-MacBook-Air.local" failures="0" tests="1" name="Default test" time="5.279" errors="0" timestamp="2026-06-18T14:22:21 EDT">
  <testcase classname="rshttpcalls.TestApiCalls" name="ALoginUser" time="4.756"/>
  <testcase classname="rshttpcalls.TestApiCalls" name="BGetUserIssue" time="0.0">
    <ignored/>
  </testcase> <!-- BGetUserIssue -->
  <testcase classname="rshttpcalls.TestApiCalls" name="submitIssue" time="0.0">
    <ignored/>
  </testcase> <!-- submitIssue -->
  <testcase classname="rshttpcalls.TestApiCalls" name="CgetIssueDetail" time="0.0">
    <ignored/>
  </testcase> <!-- CgetIssueDetail -->
</testsuite> <!-- Default test -->
