<?xml version="1.0" encoding="UTF-8"?>
<!-- Generated by org.testng.reporters.JUnitXMLReporter -->
<testsuite ignored="0" hostname="Manpreets-MacBook-Air.local" failures="0" tests="3" name="Default test" time="3.905" errors="0" timestamp="2026-06-17T17:41:28 EDT">
  <testcase classname="rshttpcalls.TestApiCalls" name="ALoginUser" time="2.762"/>
  <testcase classname="rshttpcalls.TestApiCalls" name="BGetUserIssue" time="0.393"/>
  <testcase classname="rshttpcalls.TestApiCalls" name="CgetIssueDetail" time="0.314"/>
</testsuite> <!-- Default test -->
