<?xml version="1.0" encoding="UTF-8"?>
<testng-results ignored="0" total="1" passed="1" failed="0" skipped="0">
  <reporter-output>
  </reporter-output>
  <suite started-at="2026-06-18T14:22:16 EDT" name="Default suite" finished-at="2026-06-18T14:22:21 EDT" duration-ms="5279">
    <groups>
    </groups>
    <test started-at="2026-06-18T14:22:16 EDT" name="Default test" finished-at="2026-06-18T14:22:21 EDT" duration-ms="5279">
      <class name="rshttpcalls.TestApiCalls">
        <test-method is-config="true" signature="setup()[pri:0, instance:rshttpcalls.TestApiCalls@35cabb2a]" started-at="2026-06-18T14:22:16 EDT" name="setup" finished-at="2026-06-18T14:22:16 EDT" duration-ms="482" status="PASS">
          <reporter-output>
          </reporter-output>
        </test-method> <!-- setup -->
        <test-method signature="ALoginUser()[pri:0, instance:rshttpcalls.TestApiCalls@35cabb2a]" started-at="2026-06-18T14:22:16 EDT" name="ALoginUser" finished-at="2026-06-18T14:22:21 EDT" duration-ms="4756" status="PASS">
          <reporter-output>
          </reporter-output>
        </test-method> <!-- ALoginUser -->
      </class> <!-- rshttpcalls.TestApiCalls -->
    </test> <!-- Default test -->
  </suite> <!-- Default suite -->
</testng-results>
