<?xml version="1.0" encoding="UTF-8"?>
<!-- Generated by org.testng.reporters.JUnitReportReporter -->
<testsuite hostname="Manpreets-MacBook-Air.local" failures="0" tests="3" name="rshttpcalls.TestApiCalls" time="3.469" errors="0" timestamp="2026-06-17T17:41:28 EDT" skipped="0">
  <testcase classname="rshttpcalls.TestApiCalls" name="BGetUserIssue" time="0.393"/>
  <testcase classname="rshttpcalls.TestApiCalls" name="ALoginUser" time="2.762"/>
  <testcase classname="rshttpcalls.TestApiCalls" name="CgetIssueDetail" time="0.314"/>
</testsuite> <!-- rshttpcalls.TestApiCalls -->
